0 info it worked if it ends with ok
1 verbose cli [ 'C:\\Program Files\\nodejs\\node.exe',
1 verbose cli   'C:\\ProgramData\\chocolatey\\lib\\npm\\tools\\node_modules\\npm\\bin\\npm-cli.js',
1 verbose cli   'i',
1 verbose cli   '-g',
1 verbose cli   'nodemon' ]
2 info using npm@1.4.9
3 info using node@v6.9.2
4 verbose cache add [ 'nodemon', null ]
5 verbose cache add name=undefined spec="nodemon" args=["nodemon",null]
6 verbose parsed url Url {
6 verbose parsed url   protocol: null,
6 verbose parsed url   slashes: null,
6 verbose parsed url   auth: null,
6 verbose parsed url   host: null,
6 verbose parsed url   port: null,
6 verbose parsed url   hostname: null,
6 verbose parsed url   hash: null,
6 verbose parsed url   search: null,
6 verbose parsed url   query: null,
6 verbose parsed url   pathname: 'nodemon',
6 verbose parsed url   path: 'nodemon',
6 verbose parsed url   href: 'nodemon' }
7 silly lockFile 1625b929-nodemon nodemon
8 verbose lock nodemon C:\Users\Steven\AppData\Roaming\npm-cache\1625b929-nodemon.lock
9 silly lockFile 1625b929-nodemon nodemon
10 silly lockFile 1625b929-nodemon nodemon
11 verbose addNamed [ 'nodemon', '' ]
12 verbose addNamed [ null, '*' ]
13 silly lockFile 4f5e51c6-nodemon nodemon@
14 verbose lock nodemon@ C:\Users\Steven\AppData\Roaming\npm-cache\4f5e51c6-nodemon.lock
15 silly addNameRange { name: 'nodemon', range: '*', hasData: false }
16 verbose url raw nodemon
17 verbose url resolving [ 'https://registry.npmjs.org/', './nodemon' ]
18 verbose url resolved https://registry.npmjs.org/nodemon
19 info trying registry request attempt 1 at 9:27:13 AM
20 http GET https://registry.npmjs.org/nodemon
21 http 200 https://registry.npmjs.org/nodemon
22 silly registry.get cb [ 200,
22 silly registry.get   { server: 'nginx/1.10.1',
22 silly registry.get     'content-type': 'application/json',
22 silly registry.get     'last-modified': 'Tue, 13 Dec 2016 03:17:53 GMT',
22 silly registry.get     etag: 'W/"584f6861-30b97"',
22 silly registry.get     'content-encoding': 'gzip',
22 silly registry.get     'cache-control': 'max-age=300',
22 silly registry.get     'content-length': '20337',
22 silly registry.get     'accept-ranges': 'bytes',
22 silly registry.get     date: 'Mon, 19 Dec 2016 16:27:22 GMT',
22 silly registry.get     via: '1.1 varnish',
22 silly registry.get     age: '267',
22 silly registry.get     connection: 'close',
22 silly registry.get     'x-served-by': 'cache-ord1726-ORD',
22 silly registry.get     'x-cache': 'HIT',
22 silly registry.get     'x-cache-hits': '2',
22 silly registry.get     'x-timer': 'S1482164842.049420,VS0,VE0',
22 silly registry.get     vary: 'Accept-Encoding' } ]
23 silly addNameRange number 2 { name: 'nodemon', range: '*', hasData: true }
24 silly addNameRange versions [ 'nodemon',
24 silly addNameRange   [ '0.1.4',
24 silly addNameRange     '0.1.5',
24 silly addNameRange     '0.1.6',
24 silly addNameRange     '0.1.7',
24 silly addNameRange     '0.1.8',
24 silly addNameRange     '0.2.0',
24 silly addNameRange     '0.2.1',
24 silly addNameRange     '0.2.2',
24 silly addNameRange     '0.3.0',
24 silly addNameRange     '0.3.1',
24 silly addNameRange     '0.3.2',
24 silly addNameRange     '0.4.0',
24 silly addNameRange     '0.4.1',
24 silly addNameRange     '0.5.0',
24 silly addNameRange     '0.5.1',
24 silly addNameRange     '0.5.2',
24 silly addNameRange     '0.5.3',
24 silly addNameRange     '0.5.4',
24 silly addNameRange     '0.5.5',
24 silly addNameRange     '0.5.6',
24 silly addNameRange     '0.5.7',
24 silly addNameRange     '0.6.0',
24 silly addNameRange     '0.6.1',
24 silly addNameRange     '0.6.2',
24 silly addNameRange     '0.6.3',
24 silly addNameRange     '0.6.4',
24 silly addNameRange     '0.6.5',
24 silly addNameRange     '0.6.6',
24 silly addNameRange     '0.6.7',
24 silly addNameRange     '0.6.8',
24 silly addNameRange     '0.6.9',
24 silly addNameRange     '0.6.10',
24 silly addNameRange     '0.6.11',
24 silly addNameRange     '0.6.12',
24 silly addNameRange     '0.6.13',
24 silly addNameRange     '0.6.14',
24 silly addNameRange     '0.6.15',
24 silly addNameRange     '0.6.16',
24 silly addNameRange     '0.6.17',
24 silly addNameRange     '0.6.18',
24 silly addNameRange     '0.6.19',
24 silly addNameRange     '0.6.20',
24 silly addNameRange     '0.6.21',
24 silly addNameRange     '0.6.22',
24 silly addNameRange     '0.6.23',
24 silly addNameRange     '0.7.0',
24 silly addNameRange     '0.7.1',
24 silly addNameRange     '0.7.2',
24 silly addNameRange     '0.7.3',
24 silly addNameRange     '0.7.4',
24 silly addNameRange     '0.7.5',
24 silly addNameRange     '0.7.6',
24 silly addNameRange     '0.7.7',
24 silly addNameRange     '0.7.8',
24 silly addNameRange     '0.7.10',
24 silly addNameRange     '0.9.0',
24 silly addNameRange     '0.9.1',
24 silly addNameRange     '0.9.2',
24 silly addNameRange     '0.9.3',
24 silly addNameRange     '0.9.5',
24 silly addNameRange     '0.9.6',
24 silly addNameRange     '0.9.7',
24 silly addNameRange     '0.9.10',
24 silly addNameRange     '0.9.11',
24 silly addNameRange     '0.9.12',
24 silly addNameRange     '0.9.14',
24 silly addNameRange     '0.9.16',
24 silly addNameRange     '0.9.17',
24 silly addNameRange     '1.0.0',
24 silly addNameRange     '1.0.1',
24 silly addNameRange     '1.0.2',
24 silly addNameRange     '1.0.2-rc',
24 silly addNameRange     '0.6.10-a',
24 silly addNameRange     '1.0.2-rc3',
24 silly addNameRange     '1.0.2-rc4',
24 silly addNameRange     '1.0.3',
24 silly addNameRange     '1.0.4',
24 silly addNameRange     '1.0.5',
24 silly addNameRange     '1.0.6',
24 silly addNameRange     '1.0.7',
24 silly addNameRange     '1.0.8',
24 silly addNameRange     '1.0.9',
24 silly addNameRange     '1.0.10',
24 silly addNameRange     '1.0.11',
24 silly addNameRange     '1.0.12',
24 silly addNameRange     '1.0.13',
24 silly addNameRange     '1.0.14',
24 silly addNameRange     '1.0.15',
24 silly addNameRange     '1.0.16',
24 silly addNameRange     '1.0.17-rc1',
24 silly addNameRange     '1.0.17-rc2',
24 silly addNameRange     '1.0.17',
24 silly addNameRange     '1.0.18',
24 silly addNameRange     '1.0.19',
24 silly addNameRange     '1.0.20',
24 silly addNameRange     '1.1.0-alpha',
24 silly addNameRange     '1.1.0',
24 silly addNameRange     '1.1.1',
24 silly addNameRange     '1.2.0',
24 silly addNameRange     '1.2.1',
24 silly addNameRange     ... 40 more items ] ]
25 verbose addNamed [ 'nodemon', '1.11.0' ]
26 verbose addNamed [ '1.11.0', '1.11.0' ]
27 silly lockFile 0b40363e-nodemon-1-11-0 nodemon@1.11.0
28 verbose lock nodemon@1.11.0 C:\Users\Steven\AppData\Roaming\npm-cache\0b40363e-nodemon-1-11-0.lock
29 silly lockFile b5e0c27b-s-org-nodemon-nodemon-1-11-0-tgz https://registry.npmjs.org/nodemon/-/nodemon-1.11.0.tgz
30 verbose lock https://registry.npmjs.org/nodemon/-/nodemon-1.11.0.tgz C:\Users\Steven\AppData\Roaming\npm-cache\b5e0c27b-s-org-nodemon-nodemon-1-11-0-tgz.lock
31 verbose addRemoteTarball [ 'https://registry.npmjs.org/nodemon/-/nodemon-1.11.0.tgz',
31 verbose addRemoteTarball   '226c562bd2a7b13d3d7518b49ad4828a3623d06c' ]
32 info retry fetch attempt 1 at 9:27:19 AM
33 verbose fetch to= C:\Users\Steven\AppData\Local\Temp\npm-1404--JfhPOqG\1482164839128-0.044813585026485914\tmp.tgz
34 http GET https://registry.npmjs.org/nodemon/-/nodemon-1.11.0.tgz
35 http 200 https://registry.npmjs.org/nodemon/-/nodemon-1.11.0.tgz
36 verbose tar unpack C:\Users\Steven\AppData\Local\Temp\npm-1404--JfhPOqG\1482164839128-0.044813585026485914\tmp.tgz
37 silly lockFile f853784c-npm-cache-nodemon-1-11-0-package tar://C:\Users\Steven\AppData\Roaming\npm-cache\nodemon\1.11.0\package
38 verbose lock tar://C:\Users\Steven\AppData\Roaming\npm-cache\nodemon\1.11.0\package C:\Users\Steven\AppData\Roaming\npm-cache\f853784c-npm-cache-nodemon-1-11-0-package.lock
39 silly lockFile 7e2eea85-128-0-044813585026485914-tmp-tgz tar://C:\Users\Steven\AppData\Local\Temp\npm-1404--JfhPOqG\1482164839128-0.044813585026485914\tmp.tgz
40 verbose lock tar://C:\Users\Steven\AppData\Local\Temp\npm-1404--JfhPOqG\1482164839128-0.044813585026485914\tmp.tgz C:\Users\Steven\AppData\Roaming\npm-cache\7e2eea85-128-0-044813585026485914-tmp-tgz.lock
41 silly gunzTarPerm modes [ '755', '644' ]
42 silly gunzTarPerm extractEntry package.json
43 silly gunzTarPerm modified mode [ 'package.json', 436, 420 ]
44 silly gunzTarPerm extractEntry .npmignore
45 silly gunzTarPerm modified mode [ '.npmignore', 436, 420 ]
46 silly gunzTarPerm extractEntry README.md
47 silly gunzTarPerm modified mode [ 'README.md', 436, 420 ]
48 silly gunzTarPerm extractEntry .travis.yml
49 silly gunzTarPerm modified mode [ '.travis.yml', 436, 420 ]
50 silly gunzTarPerm extractEntry CODE_OF_CONDUCT.md
51 silly gunzTarPerm modified mode [ 'CODE_OF_CONDUCT.md', 436, 420 ]
52 silly gunzTarPerm extractEntry CONTRIBUTING.md
53 silly gunzTarPerm modified mode [ 'CONTRIBUTING.md', 436, 420 ]
54 silly gunzTarPerm extractEntry Dockerfile
55 silly gunzTarPerm modified mode [ 'Dockerfile', 436, 420 ]
56 silly gunzTarPerm extractEntry .jscsrc
57 silly gunzTarPerm modified mode [ '.jscsrc', 436, 420 ]
58 silly gunzTarPerm extractEntry bin/nodemon.js
59 silly gunzTarPerm modified mode [ 'bin/nodemon.js', 509, 493 ]
60 silly gunzTarPerm extractEntry doc/arch.md
61 silly gunzTarPerm modified mode [ 'doc/arch.md', 436, 420 ]
62 silly gunzTarPerm extractEntry doc/cli/authors.txt
63 silly gunzTarPerm modified mode [ 'doc/cli/authors.txt', 436, 420 ]
64 silly gunzTarPerm extractEntry doc/cli/config.txt
65 silly gunzTarPerm modified mode [ 'doc/cli/config.txt', 436, 420 ]
66 silly gunzTarPerm extractEntry doc/cli/help.txt
67 silly gunzTarPerm modified mode [ 'doc/cli/help.txt', 436, 420 ]
68 silly gunzTarPerm extractEntry doc/cli/logo.txt
69 silly gunzTarPerm modified mode [ 'doc/cli/logo.txt', 436, 420 ]
70 silly gunzTarPerm extractEntry doc/cli/topics.txt
71 silly gunzTarPerm modified mode [ 'doc/cli/topics.txt', 436, 420 ]
72 silly gunzTarPerm extractEntry doc/cli/usage.txt
73 silly gunzTarPerm modified mode [ 'doc/cli/usage.txt', 436, 420 ]
74 silly gunzTarPerm extractEntry doc/cli/whoami.txt
75 silly gunzTarPerm modified mode [ 'doc/cli/whoami.txt', 436, 420 ]
76 silly gunzTarPerm extractEntry doc/events.md
77 silly gunzTarPerm modified mode [ 'doc/events.md', 436, 420 ]
78 silly gunzTarPerm extractEntry doc/option-parsing-logic.md
79 silly gunzTarPerm modified mode [ 'doc/option-parsing-logic.md', 436, 420 ]
80 silly gunzTarPerm extractEntry doc/requireable.md
81 silly gunzTarPerm modified mode [ 'doc/requireable.md', 436, 420 ]
82 silly gunzTarPerm extractEntry doc/rules.md
83 silly gunzTarPerm modified mode [ 'doc/rules.md', 436, 420 ]
84 silly gunzTarPerm extractEntry doc/sample-nodemon.md
85 silly gunzTarPerm modified mode [ 'doc/sample-nodemon.md', 436, 420 ]
86 silly gunzTarPerm extractEntry faq.md
87 silly gunzTarPerm modified mode [ 'faq.md', 436, 420 ]
88 silly gunzTarPerm extractEntry lib/index.js
89 silly gunzTarPerm modified mode [ 'lib/index.js', 436, 420 ]
90 silly gunzTarPerm extractEntry lib/nodemon.js
91 silly gunzTarPerm modified mode [ 'lib/nodemon.js', 436, 420 ]
92 silly gunzTarPerm extractEntry lib/spawn.js
93 silly gunzTarPerm modified mode [ 'lib/spawn.js', 436, 420 ]
94 silly gunzTarPerm extractEntry lib/version.js
95 silly gunzTarPerm modified mode [ 'lib/version.js', 436, 420 ]
96 silly gunzTarPerm extractEntry lib/cli/index.js
97 silly gunzTarPerm modified mode [ 'lib/cli/index.js', 436, 420 ]
98 silly gunzTarPerm extractEntry lib/cli/parse.js
99 silly gunzTarPerm modified mode [ 'lib/cli/parse.js', 436, 420 ]
100 silly gunzTarPerm extractEntry lib/config/command.js
101 silly gunzTarPerm modified mode [ 'lib/config/command.js', 436, 420 ]
102 silly gunzTarPerm extractEntry lib/config/defaults.js
103 silly gunzTarPerm modified mode [ 'lib/config/defaults.js', 436, 420 ]
104 silly gunzTarPerm extractEntry lib/config/exec.js
105 silly gunzTarPerm modified mode [ 'lib/config/exec.js', 436, 420 ]
106 silly gunzTarPerm extractEntry lib/config/index.js
107 silly gunzTarPerm modified mode [ 'lib/config/index.js', 436, 420 ]
108 silly gunzTarPerm extractEntry lib/config/load.js
109 silly gunzTarPerm modified mode [ 'lib/config/load.js', 436, 420 ]
110 silly gunzTarPerm extractEntry lib/help/index.js
111 silly gunzTarPerm modified mode [ 'lib/help/index.js', 436, 420 ]
112 silly gunzTarPerm extractEntry lib/monitor/index.js
113 silly gunzTarPerm modified mode [ 'lib/monitor/index.js', 436, 420 ]
114 silly gunzTarPerm extractEntry lib/monitor/match.js
115 silly gunzTarPerm modified mode [ 'lib/monitor/match.js', 436, 420 ]
116 silly gunzTarPerm extractEntry lib/monitor/run.js
117 silly gunzTarPerm modified mode [ 'lib/monitor/run.js', 436, 420 ]
118 silly gunzTarPerm extractEntry lib/monitor/watch.js
119 silly gunzTarPerm modified mode [ 'lib/monitor/watch.js', 436, 420 ]
120 silly gunzTarPerm extractEntry lib/rules/add.js
121 silly gunzTarPerm modified mode [ 'lib/rules/add.js', 436, 420 ]
122 silly gunzTarPerm extractEntry lib/rules/index.js
123 silly gunzTarPerm modified mode [ 'lib/rules/index.js', 436, 420 ]
124 silly gunzTarPerm extractEntry lib/rules/parse.js
125 silly gunzTarPerm modified mode [ 'lib/rules/parse.js', 436, 420 ]
126 silly gunzTarPerm extractEntry lib/utils/bus.js
127 silly gunzTarPerm modified mode [ 'lib/utils/bus.js', 436, 420 ]
128 silly gunzTarPerm extractEntry lib/utils/clone.js
129 silly gunzTarPerm modified mode [ 'lib/utils/clone.js', 436, 420 ]
130 silly gunzTarPerm extractEntry lib/utils/colour.js
131 silly gunzTarPerm modified mode [ 'lib/utils/colour.js', 436, 420 ]
132 silly gunzTarPerm extractEntry lib/utils/index.js
133 silly gunzTarPerm modified mode [ 'lib/utils/index.js', 436, 420 ]
134 silly gunzTarPerm extractEntry lib/utils/log.js
135 silly gunzTarPerm modified mode [ 'lib/utils/log.js', 436, 420 ]
136 silly gunzTarPerm extractEntry lib/utils/merge.js
137 silly gunzTarPerm modified mode [ 'lib/utils/merge.js', 436, 420 ]
138 silly gunzTarPerm extractEntry travis_after_all.py
139 silly gunzTarPerm modified mode [ 'travis_after_all.py', 436, 420 ]
140 silly gunzTarPerm extractEntry .jshintrc
141 silly gunzTarPerm modified mode [ '.jshintrc', 436, 420 ]
142 silly gunzTarPerm extractEntry web/index.js
143 silly gunzTarPerm modified mode [ 'web/index.js', 436, 420 ]
144 silly gunzTarPerm extractEntry web/index.html
145 silly gunzTarPerm modified mode [ 'web/index.html', 436, 420 ]
146 silly gunzTarPerm extractEntry web/nodemon.svg
147 silly gunzTarPerm modified mode [ 'web/nodemon.svg', 436, 420 ]
148 silly lockFile f853784c-npm-cache-nodemon-1-11-0-package tar://C:\Users\Steven\AppData\Roaming\npm-cache\nodemon\1.11.0\package
149 silly lockFile f853784c-npm-cache-nodemon-1-11-0-package tar://C:\Users\Steven\AppData\Roaming\npm-cache\nodemon\1.11.0\package
150 silly lockFile 7e2eea85-128-0-044813585026485914-tmp-tgz tar://C:\Users\Steven\AppData\Local\Temp\npm-1404--JfhPOqG\1482164839128-0.044813585026485914\tmp.tgz
151 silly lockFile 7e2eea85-128-0-044813585026485914-tmp-tgz tar://C:\Users\Steven\AppData\Local\Temp\npm-1404--JfhPOqG\1482164839128-0.044813585026485914\tmp.tgz
152 silly lockFile b5e0c27b-s-org-nodemon-nodemon-1-11-0-tgz https://registry.npmjs.org/nodemon/-/nodemon-1.11.0.tgz
153 silly lockFile b5e0c27b-s-org-nodemon-nodemon-1-11-0-tgz https://registry.npmjs.org/nodemon/-/nodemon-1.11.0.tgz
154 silly lockFile 0b40363e-nodemon-1-11-0 nodemon@1.11.0
155 silly lockFile 0b40363e-nodemon-1-11-0 nodemon@1.11.0
156 silly lockFile 4f5e51c6-nodemon nodemon@
157 silly lockFile 4f5e51c6-nodemon nodemon@
158 silly resolved [ { name: 'nodemon',
158 silly resolved     homepage: 'http://nodemon.io',
158 silly resolved     author: { name: 'Remy Sharp', url: 'http://github.com/remy' },
158 silly resolved     bin: { nodemon: './bin/nodemon.js' },
158 silly resolved     engines: { node: '>=0.8' },
158 silly resolved     repository: { type: 'git', url: 'https://github.com/remy/nodemon.git' },
158 silly resolved     description: 'Simple monitor script for use during development of a node.js app.',
158 silly resolved     keywords:
158 silly resolved      [ 'monitor',
158 silly resolved        'development',
158 silly resolved        'restart',
158 silly resolved        'autoload',
158 silly resolved        'reload',
158 silly resolved        'terminal' ],
158 silly resolved     license: 'MIT',
158 silly resolved     main: './lib/nodemon',
158 silly resolved     scripts:
158 silly resolved      { coverage: 'istanbul cover _mocha -- --timeout 30000 --ui bdd --reporter list test/**/*.test.js',
158 silly resolved        lint: 'jscs lib/**/*.js -v',
158 silly resolved        ':spec': 'mocha --timeout 30000 --ui bdd test/**/*.test.js',
158 silly resolved        test: 'npm run lint && npm run spec',
158 silly resolved        spec: 'for FILE in test/**/*.test.js; do echo $FILE; ./node_modules/.bin/mocha --timeout 30000 $FILE; if [ $? -ne 0 ]; then exit 1; fi; sleep 1; done',
158 silly resolved        web: 'node web',
158 silly resolved        'semantic-release': 'semantic-release pre && npm publish && semantic-release post' },
158 silly resolved     devDependencies:
158 silly resolved      { async: '1.4.2',
158 silly resolved        'coffee-script': '~1.7.1',
158 silly resolved        connect: '~2.19.1',
158 silly resolved        istanbul: '~0.2.10',
158 silly resolved        jscs: '2.1.1',
158 silly resolved        mocha: '2.3.3',
158 silly resolved        should: '~4.0.0',
158 silly resolved        'semantic-release': '4.3.5' },
158 silly resolved     dependencies:
158 silly resolved      { chokidar: '^1.4.3',
158 silly resolved        debug: '^2.2.0',
158 silly resolved        'es6-promise': '^3.0.2',
158 silly resolved        'ignore-by-default': '^1.0.0',
158 silly resolved        'lodash.defaults': '^3.1.2',
158 silly resolved        minimatch: '^3.0.0',
158 silly resolved        'ps-tree': '^1.0.1',
158 silly resolved        touch: '1.0.0',
158 silly resolved        undefsafe: '0.0.3',
158 silly resolved        'update-notifier': '0.5.0' },
158 silly resolved     version: '1.11.0',
158 silly resolved     readme: '![nodemon logo](http://nodemon.io/nodemon.svg)\n\n# nodemon\n\n[![Donate](https://img.shields.io/badge/donate-%20%E2%9D%A4%20-green.svg)](https://www.paypal.me/rem)\n\nFor use during development of a node.js based application.\n\nnodemon will watch the files in the directory in which nodemon was started, and if any files change, nodemon will automatically restart your node application.\n\nnodemon does **not** require *any* changes to your code or method of development. nodemon simply wraps your node application and keeps an eye on any files that have changed. Remember that nodemon is a replacement wrapper for `node`, think of it as replacing the word "node" on the command line when you run your script.\n\n[![NPM version](https://badge.fury.io/js/nodemon.svg)](https://npmjs.org/package/nodemon)\n[![Travis Status](https://travis-ci.org/remy/nodemon.svg?branch=master)](https://travis-ci.org/remy/nodemon)\n\n# Installation\n\nEither through cloning with git or by using [npm](http://npmjs.org) (the recommended way):\n\n    npm install -g nodemon\n\nAnd nodemon will be installed globally to your system path.\n\nIt is also possible to install locally:\n\n    npm install --save-dev nodemon\n    \nWith a local installation, nodemon will not be available in your system path. Instead, the local installation of nodemon can be run by calling it from within an npm script (such as `npm start`). Additionally, the `npm bin` command can be used to obtain the path to the project\'s local `.bin` directory.\n\n# Usage\n\nnodemon wraps your application, so you can pass all the arguments you would normally pass to your app:\n\n    nodemon [your node app]\n\nFor CLI options, use the `-h` (or `--help`) argument:\n\n    nodemon -h\n\nUsing nodemon is simple, if my application accepted a host and port as the arguments, I would start it as so:\n\n    nodemon ./server.js localhost 8080\n\nAny output from this script is prefixed with `[nodemon]`, otherwise all output from your application, errors included, will be echoed out as expected.\n\nnodemon also supports running and monitoring [coffee-script](http://coffeescript.org/) apps:\n\n    nodemon server.coffee\n\nIf no script is given, nodemon will test for a `package.json` file and if found, will run the file associated with the *main* property ([ref](https://github.com/remy/nodemon/issues/14)).\n\nYou can also pass the debug flag to node through the command line as you would normally:\n\n    nodemon --debug ./server.js 80\n\nIf you have a `package.json` file for your app, you can omit the main script entirely and nodemon will read the `package.json` for the `main` property and use that value as the app.\n\nnodemon will also search for the `scripts.start` property in `package.json` (as of nodemon 1.1.x).\n\nAlso check out the [FAQ](https://github.com/remy/nodemon/blob/master/faq.md) or [issues](https://github.com/remy/nodemon/issues) for nodemon.\n\n## Automatic re-running\n\nnodemon was originally written to restart hanging processes such as web servers, but now supports apps that cleanly exit. If your script exits cleanly, nodemon will continue to monitor the directory (or directories) and restart the script if there are any changes.\n\n## Manual restarting\n\nWhilst nodemon is running, if you need to manually restart your application, instead of stopping and restart nodemon, you can simply type `rs` with a carriage return, and nodemon will restart your process.\n\n## Config files\n\nnodemon supports local and global configuration files. These are usually named `nodemon.json` and can be located in the current working directory or in your home directory. An alternative local configuration file can be specified with the `--config <file>` option.\n\nThe specificity is as follows, so that a command line argument will always override the config file settings:\n\n- command line arguments\n- local config\n- global config\n\nA config file can take any of the command line arguments as JSON key values, for example:\n\n    {\n      "verbose": true,\n      "ignore": ["*.test.js", "fixtures/*"],\n      "execMap": {\n        "rb": "ruby",\n        "pde": "processing --sketch={{pwd}} --run"\n      }\n    }\n\nThe above `nodemon.json` file might be my global config so that I have support for ruby files and processing files, and I can simply run `nodemon demo.pde` and nodemon will automatically know how to run the script even though out of the box support for processing scripts.\n\nA further example of options can be seen in [sample-nodemon.md](https://github.com/remy/nodemon/blob/master/doc/sample-nodemon.md)\n\n*This section needs better documentation, but for now you can also see `nodemon --help config` ([also here](https://github.com/remy/nodemon/blob/master/doc/cli/config.txt))*.\n\n## Using nodemon as a module\n\nPlease see [doc/requireable.md](doc/requireable.md)\n\n## Running non-node scripts\n\nnodemon can also be used to execute and monitor other programs. nodemon will read the file extension of the script being run and monitor that extension instead of .js if there\'s no .nodemonignore:\n\n    nodemon --exec "python -v" ./app.py\n\nNow nodemon will run `app.py` with python in verbose mode (note that if you\'re not passing args to the exec program, you don\'t need the quotes), and look for new or modified files with the `.py` extension.\n\n### Default executables\n\nUsing the `nodemon.json` config file, you can define your own default executables using the `execMap` property. This is particularly useful if you\'re working with a language that isn\'t supported by default by nodemon.\n\nTo add support for nodemon to know about the .pl extension (for Perl), the nodemon.json file would add:\n\n    {\n      "execMap": {\n         "pl": "perl"\n      }\n    }\n\nNow running the following, nodemon will know to use `perl` as the executable:\n\n    nodemon script.pl\n\nIt\'s generally recommended to use the global `nodemon.json` to add your own `execMap` options. However, if there\'s a common default that\'s missing, this can be merged in to the project so that nodemon supports it by default, by changing [default.js](https://github.com/remy/nodemon/blob/master/lib/config/defaults.js) and sending a pull request.\n\n## Monitoring multiple directories\n\nBy default nodemon monitors the current working directory. If you want to take control of that option, use the `--watch` option to add specific paths:\n\n    nodemon --watch app --watch libs app/server.js\n\nNow nodemon will only restart if there are changes in the `./app` or `./libs` directory. By default nodemon will traverse sub-directories, so there\'s no need in explicitly including sub-directories.\n\nDon\'t use unix globbing to pass multiple directories, e.g `--watch ./lib/*`, it won\'t work. You need a `--watch` flag per directory watched.\n\n## Specifying extension watch list\n\nBy default, nodemon looks for files with the `.js`, `.coffee`, `.litcoffee`, and `.json` extensions. If you use the `--exec` option and monitor `app.py` nodemon will monitor files with the extension of `.py`. However, you can specify your own list with the `-e` (or `--ext`) switch like so:\n\n    nodemon -e js,jade\n\nNow nodemon will restart on any changes to files in the directory (or subdirectories) with the extensions .js, .jade.\n\n## Ignoring files\n\nBy default, nodemon will only restart when a `.js` JavaScript file changes. In some cases you will want to ignore some specific files, directories or file patterns, to prevent nodemon from prematurely restarting your application.\n\nThis can be done via the command line:\n\n    nodemon --ignore lib/ --ignore tests/\n\nOr specific files can be ignored:\n\n    nodemon --ignore lib/app.js\n\nPatterns can also be ignored (but be sure to quote the arguments):\n\n    nodemon --ignore \'lib/*.js\'\n\nNote that by default, nodemon will ignore the `.git`, `node_modules`, `bower_components`, `.nyc_output`, `coverage` and `.sass-cache` directories and *add* your ignored patterns to the list. If you want to indeed watch a directory like `node_modules`, you need to [override the underlying default ignore rules](https://github.com/remy/nodemon/blob/master/faq.md#overriding-the-underlying-default-ignore-rules).\n\n## Application isn\'t restarting\n\nIn some networked environments (such as a container running nodemon reading across a mounted drive), you will need to use the `legacyWatch: true` which enabled Chokidar\'s polling.\n\nVia the CLI, use either `--legacy-watch` or `-L` for short:\n\n    nodemon -L\n\nThough this should be a last resort as it will poll every file it can find.\n\n## Delaying restarting\n\nIn some situations, you may want to wait until a number of files have changed. The timeout before checking for new file changes is 1 second. If you\'re uploading a number of files and it\'s taking some number of seconds, this could cause your app to restart multiple times unnecessarily.\n\nTo add an extra throttle, or delay restarting, use the `--delay` command:\n\n    nodemon --delay 10 server.js\n\nFor more precision, milliseconds can be specified.  Either as a float:\n\n    nodemon --delay 2.5 server.js\n\nOr using the time specifier (ms):\n\n    nodemon --delay 2500ms server.js\n\nThe delay figure is number of seconds (or milliseconds, if specified) to delay before restarting. So nodemon will only restart your app the given number of seconds after the *last* file change.\n\nIf you are setting this value in `nodemon.json`, the value will always be interpretted in milliseconds. E.g., the following are equivalent:\n\n    nodemon --delay 2.5\n\n    {\n        "delay": "2500"\n    }\n\n## Controlling shutdown of your script\n\nnodemon sends a kill signal to your application when it sees a file update. If you need to clean up on shutdown inside your script you can capture the kill signal and handle it yourself.\n\nThe following example will listen once for the `SIGUSR2` signal (used by nodemon to restart), run the clean up process and then kill itself for nodemon to continue control:\n\n    process.once(\'SIGUSR2\', function () {\n      gracefulShutdown(function () {\n        process.kill(process.pid, \'SIGUSR2\');\n      });\n    });\n\nNote that the `process.kill` is *only* called once your shutdown jobs are complete. Hat tip to [Benjie Gillam](http://www.benjiegillam.com/2011/08/node-js-clean-restart-and-faster-development-with-nodemon/) for writing this technique up.\n\n## Triggering events when nodemon state changes\n\nIf you want growl like notifications when nodemon restarts or to trigger an action when an event happens, then you can either `require` nodemon or simply add event actions to your `nodemon.json` file.\n\nFor example, to trigger a notification on a Mac when nodemon restarts, `nodemon.json` looks like this:\n\n```json\n{\n  "events": {\n    "restart": "osascript -e \'display notification \\"app restarted\\" with title \\"nodemon\\"\'"\n  }\n}\n```\n\nA full list of available events is listed on the [event states wiki](https://github.com/remy/nodemon/wiki/Events#states). Note that you can bind to both states and messages.\n\n## Pipe output to somewhere else\n\n```js\nnodemon({\n  script: ...,\n  stdout: false // important: this tells nodemon not to output to console\n}).on(\'readable\', function() { // the `readable` event indicates that data is ready to pick up\n  this.stdout.pipe(fs.createWriteStream(\'output.txt\'));\n  this.stderr.pipe(fs.createWriteStream(\'err.txt\'));\n});\n```\n\n## Using io.js for nodemon\n\nIf you *only* have io.js installed (and the default install creates a symlink from `node` to `iojs`), then nodemon will work just fine out of the box (or [should](https://github.com/remy/nodemon/issues/468)).\n\nIf you\'ve got *both* node and io.js installed, then it\'s easy! You can either edit the local `nodemon.json` file (in your working directory) or in your `$HOME` directory containing:\n\n```json\n{\n  "execMap": {\n    "js": "iojs"\n  }\n}\n```\n\nNow you nodemon will use [io.js](https://iojs.org/) with JavaScript files instead of node.\n\n## Using nodemon in your gulp workflow\n\nCheck out the [gulp-nodemon](https://github.com/JacksonGariety/gulp-nodemon) plugin to integrate nodemon with the rest of your project\'s gulp workflow.\n\n## Using nodemon in your Grunt workflow\n\nCheck out the [grunt-nodemon](https://github.com/ChrisWren/grunt-nodemon) plugin to integrate nodemon with the rest of your project\'s grunt workflow.\n\n## Pronunciation\n\n> nodemon, is it pronounced: node-mon, no-demon or node-e-mon (like pokémon)?\n\nWell...I\'ve been asked this many times before. I like that I\'ve been asked this before. There\'s been bets as to which one it actually is.\n\nThe answer is simple, but possibly frustrating. I\'m not saying (how I pronounce it). It\'s up to you to call it as you like. All answers are correct :)\n\n## FAQ\n\nSee the [FAQ](https://github.com/remy/nodemon/blob/master/faq.md) and please add your own questions if you think they would help others.\n\n# License\n\nMIT [http://rem.mit-license.org](http://rem.mit-license.org)\n',
158 silly resolved     readmeFilename: 'README.md',
158 silly resolved     bugs: { url: 'https://github.com/remy/nodemon/issues' },
158 silly resolved     _id: 'nodemon@1.11.0',
158 silly resolved     _shasum: '226c562bd2a7b13d3d7518b49ad4828a3623d06c',
158 silly resolved     _from: 'nodemon@',
158 silly resolved     _resolved: 'https://registry.npmjs.org/nodemon/-/nodemon-1.11.0.tgz' } ]
159 info install nodemon@1.11.0 into C:\Program Files\nodejs
160 info installOne nodemon@1.11.0
161 info C:\Program Files\nodejs\node_modules\nodemon unbuild
162 verbose tar unpack C:\Users\Steven\AppData\Roaming\npm-cache\nodemon\1.11.0\package.tgz
163 silly lockFile 77ad04cb-iles-nodejs-node-modules-nodemon tar://C:\Program Files\nodejs\node_modules\nodemon
164 verbose lock tar://C:\Program Files\nodejs\node_modules\nodemon C:\Users\Steven\AppData\Roaming\npm-cache\77ad04cb-iles-nodejs-node-modules-nodemon.lock
165 silly lockFile 4bc6fbd6-cache-nodemon-1-11-0-package-tgz tar://C:\Users\Steven\AppData\Roaming\npm-cache\nodemon\1.11.0\package.tgz
166 verbose lock tar://C:\Users\Steven\AppData\Roaming\npm-cache\nodemon\1.11.0\package.tgz C:\Users\Steven\AppData\Roaming\npm-cache\4bc6fbd6-cache-nodemon-1-11-0-package-tgz.lock
167 silly gunzTarPerm modes [ '755', '644' ]
168 error Error: EPERM: operation not permitted, mkdir 'C:\Program Files\nodejs\node_modules\nodemon'
168 error     at Error (native)
168 error  { Error: EPERM: operation not permitted, mkdir 'C:\Program Files\nodejs\node_modules\nodemon'
168 error     at Error (native)
168 error   errno: -4048,
168 error   code: 'EPERM',
168 error   syscall: 'mkdir',
168 error   path: 'C:\\Program Files\\nodejs\\node_modules\\nodemon',
168 error   fstream_type: 'Directory',
168 error   fstream_path: 'C:\\Program Files\\nodejs\\node_modules\\nodemon',
168 error   fstream_class: 'DirWriter',
168 error   fstream_stack:
168 error    [ 'C:\\ProgramData\\chocolatey\\lib\\npm\\tools\\node_modules\\npm\\node_modules\\fstream\\lib\\dir-writer.js:36:23',
168 error      'C:\\ProgramData\\chocolatey\\lib\\npm\\tools\\node_modules\\npm\\node_modules\\mkdirp\\index.js:37:53',
168 error      'FSReqWrap.oncomplete (fs.js:123:15)' ] }
169 error Please try running this command again as root/Administrator.
170 error System Windows_NT 10.0.10586
171 error command "C:\\Program Files\\nodejs\\node.exe" "C:\\ProgramData\\chocolatey\\lib\\npm\\tools\\node_modules\\npm\\bin\\npm-cli.js" "i" "-g" "nodemon"
172 error cwd C:\Users\Steven\Documents\DevMtn\Clonewars
173 error node -v v6.9.2
174 error npm -v 1.4.9
175 error path C:\Program Files\nodejs\node_modules\nodemon
176 error syscall mkdir
177 error fstream_path C:\Program Files\nodejs\node_modules\nodemon
178 error fstream_type Directory
179 error fstream_class DirWriter
180 error code EPERM
181 error errno -4048
182 error stack Error: EPERM: operation not permitted, mkdir 'C:\Program Files\nodejs\node_modules\nodemon'
182 error stack     at Error (native)
183 error fstream_stack C:\ProgramData\chocolatey\lib\npm\tools\node_modules\npm\node_modules\fstream\lib\dir-writer.js:36:23
183 error fstream_stack C:\ProgramData\chocolatey\lib\npm\tools\node_modules\npm\node_modules\mkdirp\index.js:37:53
183 error fstream_stack FSReqWrap.oncomplete (fs.js:123:15)
184 verbose exit [ -4048, true ]
